5	50	10	input/entrada1.txt	953
5	50	30	input/entrada1.txt	954
5	50	50	input/entrada1.txt	928
5	50	70	input/entrada1.txt	933
5	50	90	input/entrada1.txt	940
5	100	10	input/entrada1.txt	953
5	100	30	input/entrada1.txt	954
5	100	50	input/entrada1.txt	928
5	100	70	input/entrada1.txt	933
5	100	90	input/entrada1.txt	940
5	150	10	input/entrada1.txt	953
5	150	30	input/entrada1.txt	954
5	150	50	input/entrada1.txt	928
5	150	70	input/entrada1.txt	933
5	150	90	input/entrada1.txt	940
5	200	10	input/entrada1.txt	953
5	200	30	input/entrada1.txt	954
5	200	50	input/entrada1.txt	928
5	200	70	input/entrada1.txt	933
5	200	90	input/entrada1.txt	940
5	250	10	input/entrada1.txt	953
5	250	30	input/entrada1.txt	954
5	250	50	input/entrada1.txt	928
5	250	70	input/entrada1.txt	933
5	250	90	input/entrada1.txt	940
5	300	10	input/entrada1.txt	953
5	300	30	input/entrada1.txt	954
5	300	50	input/entrada1.txt	928
5	300	70	input/entrada1.txt	933
5	300	90	input/entrada1.txt	940
5	350	10	input/entrada1.txt	953
5	350	30	input/entrada1.txt	954
5	350	50	input/entrada1.txt	928
5	350	70	input/entrada1.txt	933
5	350	90	input/entrada1.txt	940
5	400	10	input/entrada1.txt	953
5	400	30	input/entrada1.txt	954
5	400	50	input/entrada1.txt	928
5	400	70	input/entrada1.txt	933
5	400	90	input/entrada1.txt	940
5	450	10	input/entrada1.txt	953
5	450	30	input/entrada1.txt	954
5	450	50	input/entrada1.txt	928
5	450	70	input/entrada1.txt	933
5	450	90	input/entrada1.txt	940
5	500	10	input/entrada1.txt	953
5	500	30	input/entrada1.txt	954
5	500	50	input/entrada1.txt	928
15	50	10	input/entrada1.txt	962
5	500	70	input/entrada1.txt	933
15	50	30	input/entrada1.txt	964
15	50	50	input/entrada1.txt	931
15	50	90	input/entrada1.txt	937
15	50	70	input/entrada1.txt	924
5	500	90	input/entrada1.txt	940
15	100	10	input/entrada1.txt	962
15	100	30	input/entrada1.txt	964
15	100	50	input/entrada1.txt	931
15	100	70	input/entrada1.txt	924
15	100	90	input/entrada1.txt	937
15	150	10	input/entrada1.txt	962
15	150	30	input/entrada1.txt	964
15	150	50	input/entrada1.txt	931
15	150	70	input/entrada1.txt	924
15	150	90	input/entrada1.txt	937
15	200	10	input/entrada1.txt	962
15	200	30	input/entrada1.txt	964
15	200	50	input/entrada1.txt	931
15	200	70	input/entrada1.txt	924
15	200	90	input/entrada1.txt	937
15	250	10	input/entrada1.txt	962
15	250	30	input/entrada1.txt	964
15	250	50	input/entrada1.txt	931
15	250	70	input/entrada1.txt	924
15	250	90	input/entrada1.txt	937
15	300	10	input/entrada1.txt	962
15	300	30	input/entrada1.txt	964
15	300	50	input/entrada1.txt	931
15	300	70	input/entrada1.txt	924
15	300	90	input/entrada1.txt	937
15	350	10	input/entrada1.txt	962
15	350	30	input/entrada1.txt	964
15	350	50	input/entrada1.txt	931
15	350	70	input/entrada1.txt	924
15	350	90	input/entrada1.txt	937
15	400	10	input/entrada1.txt	962
15	400	30	input/entrada1.txt	964
15	400	50	input/entrada1.txt	931
15	400	70	input/entrada1.txt	924
15	400	90	input/entrada1.txt	937
15	450	10	input/entrada1.txt	962
15	450	30	input/entrada1.txt	964
15	450	50	input/entrada1.txt	931
15	450	70	input/entrada1.txt	924
15	450	90	input/entrada1.txt	937
15	500	10	input/entrada1.txt	962
15	500	30	input/entrada1.txt	964
25	50	10	input/entrada1.txt	963
25	50	30	input/entrada1.txt	957
15	500	50	input/entrada1.txt	931
25	50	50	input/entrada1.txt	960
25	50	70	input/entrada1.txt	952
15	500	70	input/entrada1.txt	924
25	50	90	input/entrada1.txt	933
25	100	10	input/entrada1.txt	963
15	500	90	input/entrada1.txt	937
25	100	30	input/entrada1.txt	957
25	100	50	input/entrada1.txt	960
25	100	70	input/entrada1.txt	952
25	100	90	input/entrada1.txt	933
25	150	10	input/entrada1.txt	963
25	150	30	input/entrada1.txt	957
25	150	50	input/entrada1.txt	960
25	150	70	input/entrada1.txt	952
25	150	90	input/entrada1.txt	933
25	200	10	input/entrada1.txt	963
25	200	30	input/entrada1.txt	957
25	200	50	input/entrada1.txt	960
25	200	70	input/entrada1.txt	952
25	200	90	input/entrada1.txt	933
25	250	10	input/entrada1.txt	963
25	250	30	input/entrada1.txt	957
25	250	50	input/entrada1.txt	960
25	250	70	input/entrada1.txt	952
25	250	90	input/entrada1.txt	933
25	300	10	input/entrada1.txt	963
25	300	30	input/entrada1.txt	957
25	300	50	input/entrada1.txt	960
25	300	70	input/entrada1.txt	952
25	300	90	input/entrada1.txt	933
25	350	10	input/entrada1.txt	963
25	350	30	input/entrada1.txt	957
25	350	50	input/entrada1.txt	960
25	350	70	input/entrada1.txt	952
25	350	90	input/entrada1.txt	933
25	400	10	input/entrada1.txt	963
25	400	30	input/entrada1.txt	957
25	400	50	input/entrada1.txt	960
25	400	70	input/entrada1.txt	952
25	400	90	input/entrada1.txt	933
25	450	10	input/entrada1.txt	963
25	450	30	input/entrada1.txt	957
25	450	50	input/entrada1.txt	960
25	450	70	input/entrada1.txt	952
25	450	90	input/entrada1.txt	933
25	500	10	input/entrada1.txt	963
25	500	30	input/entrada1.txt	957
35	50	10	input/entrada1.txt	966
25	500	50	input/entrada1.txt	960
35	50	30	input/entrada1.txt	945
35	50	50	input/entrada1.txt	969
35	50	70	input/entrada1.txt	962
35	50	90	input/entrada1.txt	947
25	500	70	input/entrada1.txt	952
35	100	10	input/entrada1.txt	966
35	100	30	input/entrada1.txt	945
25	500	90	input/entrada1.txt	933
35	100	50	input/entrada1.txt	969
35	100	70	input/entrada1.txt	962
35	100	90	input/entrada1.txt	947
35	150	10	input/entrada1.txt	966
35	150	30	input/entrada1.txt	945
35	150	50	input/entrada1.txt	969
35	150	70	input/entrada1.txt	962
35	150	90	input/entrada1.txt	947
35	200	10	input/entrada1.txt	966
35	200	30	input/entrada1.txt	945
35	200	50	input/entrada1.txt	969
35	200	70	input/entrada1.txt	962
35	200	90	input/entrada1.txt	947
35	250	10	input/entrada1.txt	966
35	250	30	input/entrada1.txt	945
35	250	50	input/entrada1.txt	969
35	250	70	input/entrada1.txt	962
35	250	90	input/entrada1.txt	947
35	300	10	input/entrada1.txt	966
35	300	30	input/entrada1.txt	945
35	300	50	input/entrada1.txt	969
35	300	70	input/entrada1.txt	962
35	300	90	input/entrada1.txt	947
35	350	10	input/entrada1.txt	966
35	350	30	input/entrada1.txt	945
35	350	50	input/entrada1.txt	969
35	350	70	input/entrada1.txt	962
35	350	90	input/entrada1.txt	947
35	400	10	input/entrada1.txt	966
35	400	30	input/entrada1.txt	945
35	400	50	input/entrada1.txt	969
35	400	70	input/entrada1.txt	962
35	400	90	input/entrada1.txt	947
35	450	10	input/entrada1.txt	966
35	450	30	input/entrada1.txt	945
35	450	50	input/entrada1.txt	969
35	450	70	input/entrada1.txt	962
35	450	90	input/entrada1.txt	947
35	500	10	input/entrada1.txt	966
35	500	30	input/entrada1.txt	945
45	50	10	input/entrada1.txt	963
45	50	30	input/entrada1.txt	955
35	500	50	input/entrada1.txt	969
45	50	50	input/entrada1.txt	963
45	50	70	input/entrada1.txt	948
45	50	90	input/entrada1.txt	952
45	100	10	input/entrada1.txt	963
35	500	70	input/entrada1.txt	962
45	100	30	input/entrada1.txt	955
45	100	50	input/entrada1.txt	963
35	500	90	input/entrada1.txt	947
45	100	70	input/entrada1.txt	948
45	100	90	input/entrada1.txt	952
45	150	10	input/entrada1.txt	963
45	150	30	input/entrada1.txt	955
45	150	50	input/entrada1.txt	963
45	150	70	input/entrada1.txt	948
45	150	90	input/entrada1.txt	952
45	200	10	input/entrada1.txt	963
45	200	30	input/entrada1.txt	955
45	200	50	input/entrada1.txt	963
45	200	70	input/entrada1.txt	948
45	200	90	input/entrada1.txt	952
45	250	10	input/entrada1.txt	963
45	250	30	input/entrada1.txt	955
45	250	50	input/entrada1.txt	963
45	250	70	input/entrada1.txt	948
45	250	90	input/entrada1.txt	952
45	300	10	input/entrada1.txt	963
45	300	30	input/entrada1.txt	955
45	300	50	input/entrada1.txt	963
45	300	70	input/entrada1.txt	948
45	300	90	input/entrada1.txt	952
45	350	10	input/entrada1.txt	963
45	350	30	input/entrada1.txt	955
45	350	50	input/entrada1.txt	963
45	350	70	input/entrada1.txt	948
45	350	90	input/entrada1.txt	952
45	400	10	input/entrada1.txt	963
45	400	30	input/entrada1.txt	955
45	400	50	input/entrada1.txt	963
45	400	70	input/entrada1.txt	948
45	400	90	input/entrada1.txt	952
45	450	10	input/entrada1.txt	963
45	450	30	input/entrada1.txt	955
45	450	50	input/entrada1.txt	963
45	450	70	input/entrada1.txt	948
45	450	90	input/entrada1.txt	952
45	500	10	input/entrada1.txt	963
45	500	30	input/entrada1.txt	955
55	50	10	input/entrada1.txt	966
55	50	30	input/entrada1.txt	956
45	500	50	input/entrada1.txt	963
55	50	50	input/entrada1.txt	950
55	50	70	input/entrada1.txt	959
55	50	90	input/entrada1.txt	939
45	500	70	input/entrada1.txt	948
55	100	10	input/entrada1.txt	966
55	100	30	input/entrada1.txt	956
55	100	50	input/entrada1.txt	950
45	500	90	input/entrada1.txt	952
55	100	70	input/entrada1.txt	959
55	100	90	input/entrada1.txt	939
55	150	10	input/entrada1.txt	966
55	150	30	input/entrada1.txt	956
55	150	50	input/entrada1.txt	950
55	150	70	input/entrada1.txt	959
55	150	90	input/entrada1.txt	939
55	200	10	input/entrada1.txt	966
55	200	30	input/entrada1.txt	956
55	200	50	input/entrada1.txt	950
55	200	70	input/entrada1.txt	959
55	200	90	input/entrada1.txt	939
55	250	10	input/entrada1.txt	966
55	250	30	input/entrada1.txt	956
55	250	50	input/entrada1.txt	950
55	250	70	input/entrada1.txt	959
55	250	90	input/entrada1.txt	939
55	300	10	input/entrada1.txt	966
55	300	30	input/entrada1.txt	956
55	300	50	input/entrada1.txt	950
55	300	70	input/entrada1.txt	959
55	300	90	input/entrada1.txt	939
55	350	10	input/entrada1.txt	966
55	350	30	input/entrada1.txt	956
55	350	50	input/entrada1.txt	950
55	350	70	input/entrada1.txt	959
55	350	90	input/entrada1.txt	939
55	400	10	input/entrada1.txt	966
55	400	30	input/entrada1.txt	956
55	400	50	input/entrada1.txt	950
55	400	70	input/entrada1.txt	959
55	400	90	input/entrada1.txt	939
55	450	10	input/entrada1.txt	966
55	450	30	input/entrada1.txt	956
55	450	50	input/entrada1.txt	950
55	450	70	input/entrada1.txt	959
55	450	90	input/entrada1.txt	939
55	500	10	input/entrada1.txt	966
55	500	30	input/entrada1.txt	956
65	50	10	input/entrada1.txt	969
65	50	30	input/entrada1.txt	964
55	500	50	input/entrada1.txt	950
65	50	50	input/entrada1.txt	958
65	50	70	input/entrada1.txt	957
65	50	90	input/entrada1.txt	961
65	100	10	input/entrada1.txt	969
55	500	70	input/entrada1.txt	959
65	100	30	input/entrada1.txt	964
65	100	50	input/entrada1.txt	958
65	100	70	input/entrada1.txt	957
55	500	90	input/entrada1.txt	939
65	100	90	input/entrada1.txt	961
65	150	10	input/entrada1.txt	969
65	150	30	input/entrada1.txt	964
65	150	50	input/entrada1.txt	958
65	150	70	input/entrada1.txt	957
65	150	90	input/entrada1.txt	961
65	200	10	input/entrada1.txt	969
65	200	30	input/entrada1.txt	964
65	200	50	input/entrada1.txt	958
65	200	70	input/entrada1.txt	957
65	200	90	input/entrada1.txt	961
65	250	10	input/entrada1.txt	969
65	250	30	input/entrada1.txt	964
65	250	50	input/entrada1.txt	958
65	250	70	input/entrada1.txt	957
65	250	90	input/entrada1.txt	961
65	300	10	input/entrada1.txt	969
65	300	30	input/entrada1.txt	964
65	300	50	input/entrada1.txt	958
65	300	70	input/entrada1.txt	957
65	300	90	input/entrada1.txt	961
65	350	10	input/entrada1.txt	969
65	350	30	input/entrada1.txt	964
65	350	50	input/entrada1.txt	958
65	350	70	input/entrada1.txt	957
65	350	90	input/entrada1.txt	961
65	400	10	input/entrada1.txt	969
65	400	30	input/entrada1.txt	964
65	400	50	input/entrada1.txt	958
65	400	70	input/entrada1.txt	957
65	400	90	input/entrada1.txt	961
65	450	10	input/entrada1.txt	969
65	450	30	input/entrada1.txt	964
65	450	50	input/entrada1.txt	958
65	450	70	input/entrada1.txt	957
65	450	90	input/entrada1.txt	961
65	500	10	input/entrada1.txt	969
65	500	30	input/entrada1.txt	964
75	50	10	input/entrada1.txt	965
75	50	30	input/entrada1.txt	954
65	500	50	input/entrada1.txt	958
75	50	50	input/entrada1.txt	957
75	50	70	input/entrada1.txt	951
75	50	90	input/entrada1.txt	960
65	500	70	input/entrada1.txt	957
75	100	10	input/entrada1.txt	965
75	100	30	input/entrada1.txt	954
65	500	90	input/entrada1.txt	961
75	100	50	input/entrada1.txt	957
75	100	70	input/entrada1.txt	951
75	100	90	input/entrada1.txt	960
75	150	10	input/entrada1.txt	965
75	150	30	input/entrada1.txt	954
75	150	50	input/entrada1.txt	957
75	150	70	input/entrada1.txt	951
75	150	90	input/entrada1.txt	960
75	200	10	input/entrada1.txt	965
75	200	30	input/entrada1.txt	954
75	200	50	input/entrada1.txt	957
75	200	70	input/entrada1.txt	951
75	200	90	input/entrada1.txt	960
75	250	10	input/entrada1.txt	965
75	250	30	input/entrada1.txt	954
75	250	50	input/entrada1.txt	957
75	250	70	input/entrada1.txt	951
75	250	90	input/entrada1.txt	960
75	300	10	input/entrada1.txt	965
75	300	30	input/entrada1.txt	954
75	300	50	input/entrada1.txt	957
75	300	70	input/entrada1.txt	951
75	300	90	input/entrada1.txt	960
75	350	10	input/entrada1.txt	965
75	350	30	input/entrada1.txt	954
75	350	50	input/entrada1.txt	957
75	350	70	input/entrada1.txt	951
75	350	90	input/entrada1.txt	960
75	400	10	input/entrada1.txt	965
75	400	30	input/entrada1.txt	954
75	400	50	input/entrada1.txt	957
75	400	70	input/entrada1.txt	951
75	400	90	input/entrada1.txt	960
75	450	10	input/entrada1.txt	965
75	450	30	input/entrada1.txt	954
75	450	50	input/entrada1.txt	957
75	450	70	input/entrada1.txt	951
75	450	90	input/entrada1.txt	960
75	500	10	input/entrada1.txt	965
75	500	30	input/entrada1.txt	954
85	50	10	input/entrada1.txt	971
85	50	30	input/entrada1.txt	968
75	500	50	input/entrada1.txt	957
85	50	50	input/entrada1.txt	953
85	50	70	input/entrada1.txt	953
85	50	90	input/entrada1.txt	948
75	500	70	input/entrada1.txt	951
85	100	10	input/entrada1.txt	971
85	100	30	input/entrada1.txt	968
85	100	50	input/entrada1.txt	953
85	100	70	input/entrada1.txt	953
75	500	90	input/entrada1.txt	960
85	100	90	input/entrada1.txt	948
85	150	10	input/entrada1.txt	971
85	150	30	input/entrada1.txt	968
85	150	50	input/entrada1.txt	953
85	150	70	input/entrada1.txt	953
85	150	90	input/entrada1.txt	948
85	200	10	input/entrada1.txt	971
85	200	30	input/entrada1.txt	968
85	200	50	input/entrada1.txt	953
85	200	70	input/entrada1.txt	953
85	200	90	input/entrada1.txt	948
85	250	10	input/entrada1.txt	971
85	250	30	input/entrada1.txt	968
85	250	50	input/entrada1.txt	953
85	250	70	input/entrada1.txt	953
85	250	90	input/entrada1.txt	948
85	300	10	input/entrada1.txt	971
85	300	30	input/entrada1.txt	968
85	300	50	input/entrada1.txt	953
85	300	70	input/entrada1.txt	953
85	300	90	input/entrada1.txt	948
85	350	10	input/entrada1.txt	971
85	350	30	input/entrada1.txt	968
85	350	50	input/entrada1.txt	953
85	350	70	input/entrada1.txt	953
85	350	90	input/entrada1.txt	948
85	400	10	input/entrada1.txt	971
85	400	30	input/entrada1.txt	968
85	400	50	input/entrada1.txt	953
85	400	70	input/entrada1.txt	953
85	400	90	input/entrada1.txt	948
85	450	10	input/entrada1.txt	971
85	450	30	input/entrada1.txt	968
85	450	50	input/entrada1.txt	953
85	450	70	input/entrada1.txt	953
85	450	90	input/entrada1.txt	948
85	500	10	input/entrada1.txt	971
85	500	30	input/entrada1.txt	968
95	50	10	input/entrada1.txt	965
95	50	30	input/entrada1.txt	961
85	500	50	input/entrada1.txt	953
95	50	50	input/entrada1.txt	966
95	50	70	input/entrada1.txt	954
95	50	90	input/entrada1.txt	963
85	500	70	input/entrada1.txt	953
95	100	10	input/entrada1.txt	965
95	100	30	input/entrada1.txt	961
95	100	50	input/entrada1.txt	966
85	500	90	input/entrada1.txt	948
95	100	70	input/entrada1.txt	954
95	100	90	input/entrada1.txt	963
95	150	10	input/entrada1.txt	965
95	150	30	input/entrada1.txt	961
95	150	50	input/entrada1.txt	966
95	150	70	input/entrada1.txt	954
95	150	90	input/entrada1.txt	963
95	200	10	input/entrada1.txt	965
95	200	30	input/entrada1.txt	961
95	200	50	input/entrada1.txt	966
95	200	70	input/entrada1.txt	954
95	200	90	input/entrada1.txt	963
95	250	10	input/entrada1.txt	965
95	250	30	input/entrada1.txt	961
95	250	50	input/entrada1.txt	966
95	250	70	input/entrada1.txt	954
95	250	90	input/entrada1.txt	963
95	300	10	input/entrada1.txt	965
95	300	30	input/entrada1.txt	961
95	300	50	input/entrada1.txt	966
95	300	70	input/entrada1.txt	954
95	300	90	input/entrada1.txt	963
95	350	10	input/entrada1.txt	965
95	350	30	input/entrada1.txt	961
95	350	50	input/entrada1.txt	966
95	350	70	input/entrada1.txt	954
95	350	90	input/entrada1.txt	963
95	400	10	input/entrada1.txt	965
95	400	30	input/entrada1.txt	961
95	400	50	input/entrada1.txt	966
95	400	70	input/entrada1.txt	954
95	400	90	input/entrada1.txt	963
95	450	10	input/entrada1.txt	965
95	450	30	input/entrada1.txt	961
95	450	50	input/entrada1.txt	966
95	450	70	input/entrada1.txt	954
95	450	90	input/entrada1.txt	963
95	500	10	input/entrada1.txt	965
95	500	30	input/entrada1.txt	961
95	500	50	input/entrada1.txt	966
95	500	70	input/entrada1.txt	954
95	500	90	input/entrada1.txt	963
