5	50	10	input/entrada2.txt	148
5	50	30	input/entrada2.txt	157
5	50	70	input/entrada2.txt	149
5	50	50	input/entrada2.txt	144
5	50	90	input/entrada2.txt	154
5	100	10	input/entrada2.txt	150
5	100	30	input/entrada2.txt	157
5	100	50	input/entrada2.txt	144
5	100	70	input/entrada2.txt	149
5	100	90	input/entrada2.txt	154
5	150	30	input/entrada2.txt	157
5	150	10	input/entrada2.txt	165
5	150	50	input/entrada2.txt	153
5	150	70	input/entrada2.txt	149
5	200	10	input/entrada2.txt	165
5	150	90	input/entrada2.txt	154
5	200	30	input/entrada2.txt	157
5	200	50	input/entrada2.txt	153
5	200	70	input/entrada2.txt	149
5	200	90	input/entrada2.txt	154
5	250	10	input/entrada2.txt	165
5	250	30	input/entrada2.txt	157
5	250	50	input/entrada2.txt	153
5	250	70	input/entrada2.txt	149
5	250	90	input/entrada2.txt	154
5	300	10	input/entrada2.txt	165
5	300	30	input/entrada2.txt	157
5	300	50	input/entrada2.txt	153
5	300	70	input/entrada2.txt	149
5	300	90	input/entrada2.txt	154
5	350	10	input/entrada2.txt	165
5	350	30	input/entrada2.txt	157
5	350	50	input/entrada2.txt	153
5	350	70	input/entrada2.txt	149
5	350	90	input/entrada2.txt	154
5	400	10	input/entrada2.txt	165
5	400	30	input/entrada2.txt	157
5	400	50	input/entrada2.txt	153
5	450	10	input/entrada2.txt	165
5	400	70	input/entrada2.txt	149
5	400	90	input/entrada2.txt	154
5	450	30	input/entrada2.txt	157
5	450	70	input/entrada2.txt	149
5	450	50	input/entrada2.txt	153
5	450	90	input/entrada2.txt	154
5	500	10	input/entrada2.txt	165
5	500	30	input/entrada2.txt	157
5	500	50	input/entrada2.txt	153
10	50	10	input/entrada2.txt	160
10	50	30	input/entrada2.txt	157
5	500	70	input/entrada2.txt	149
10	50	50	input/entrada2.txt	153
10	50	70	input/entrada2.txt	146
10	50	90	input/entrada2.txt	145
5	500	90	input/entrada2.txt	154
10	100	10	input/entrada2.txt	160
10	100	50	input/entrada2.txt	157
10	100	30	input/entrada2.txt	157
10	100	70	input/entrada2.txt	150
10	100	90	input/entrada2.txt	145
10	150	30	input/entrada2.txt	167
10	150	10	input/entrada2.txt	164
10	150	50	input/entrada2.txt	159
10	150	70	input/entrada2.txt	150
10	200	10	input/entrada2.txt	165
10	150	90	input/entrada2.txt	146
10	200	30	input/entrada2.txt	167
10	200	50	input/entrada2.txt	159
10	200	70	input/entrada2.txt	150
10	200	90	input/entrada2.txt	146
10	250	10	input/entrada2.txt	165
10	250	30	input/entrada2.txt	167
10	250	50	input/entrada2.txt	159
10	250	70	input/entrada2.txt	150
10	250	90	input/entrada2.txt	146
10	300	10	input/entrada2.txt	167
10	300	30	input/entrada2.txt	167
10	300	50	input/entrada2.txt	159
10	300	70	input/entrada2.txt	153
10	300	90	input/entrada2.txt	146
10	350	10	input/entrada2.txt	167
10	350	30	input/entrada2.txt	167
10	350	50	input/entrada2.txt	159
10	350	70	input/entrada2.txt	153
10	350	90	input/entrada2.txt	146
10	400	10	input/entrada2.txt	167
10	400	30	input/entrada2.txt	167
10	400	50	input/entrada2.txt	159
10	400	70	input/entrada2.txt	154
10	400	90	input/entrada2.txt	146
10	450	10	input/entrada2.txt	167
10	450	30	input/entrada2.txt	167
10	450	50	input/entrada2.txt	159
10	450	70	input/entrada2.txt	154
10	450	90	input/entrada2.txt	153
10	500	10	input/entrada2.txt	167
10	500	30	input/entrada2.txt	167
15	50	10	input/entrada2.txt	157
10	500	50	input/entrada2.txt	159
15	50	30	input/entrada2.txt	154
15	50	50	input/entrada2.txt	153
15	50	70	input/entrada2.txt	157
15	50	90	input/entrada2.txt	145
10	500	70	input/entrada2.txt	154
15	100	10	input/entrada2.txt	157
15	100	30	input/entrada2.txt	164
15	100	50	input/entrada2.txt	153
10	500	90	input/entrada2.txt	153
15	100	70	input/entrada2.txt	157
15	100	90	input/entrada2.txt	145
15	150	10	input/entrada2.txt	157
15	150	30	input/entrada2.txt	164
15	150	50	input/entrada2.txt	164
15	150	70	input/entrada2.txt	157
15	150	90	input/entrada2.txt	145
15	200	10	input/entrada2.txt	162
15	200	30	input/entrada2.txt	164
15	200	50	input/entrada2.txt	164
15	200	70	input/entrada2.txt	157
15	200	90	input/entrada2.txt	145
15	250	10	input/entrada2.txt	167
15	250	30	input/entrada2.txt	164
15	250	50	input/entrada2.txt	164
15	250	70	input/entrada2.txt	157
15	300	10	input/entrada2.txt	167
15	250	90	input/entrada2.txt	145
15	300	30	input/entrada2.txt	164
15	300	50	input/entrada2.txt	164
15	300	70	input/entrada2.txt	157
15	300	90	input/entrada2.txt	145
15	350	10	input/entrada2.txt	167
15	350	30	input/entrada2.txt	164
15	350	50	input/entrada2.txt	164
15	350	70	input/entrada2.txt	157
15	350	90	input/entrada2.txt	145
15	400	10	input/entrada2.txt	167
15	400	30	input/entrada2.txt	167
15	400	50	input/entrada2.txt	164
15	400	70	input/entrada2.txt	157
15	400	90	input/entrada2.txt	145
15	450	10	input/entrada2.txt	167
15	450	30	input/entrada2.txt	167
15	450	50	input/entrada2.txt	164
15	450	70	input/entrada2.txt	157
15	450	90	input/entrada2.txt	145
15	500	10	input/entrada2.txt	167
15	500	30	input/entrada2.txt	167
20	50	10	input/entrada2.txt	163
20	50	30	input/entrada2.txt	159
15	500	50	input/entrada2.txt	164
20	50	50	input/entrada2.txt	159
20	50	70	input/entrada2.txt	156
15	500	70	input/entrada2.txt	161
20	50	90	input/entrada2.txt	149
20	100	10	input/entrada2.txt	163
20	100	30	input/entrada2.txt	159
15	500	90	input/entrada2.txt	145
20	100	50	input/entrada2.txt	159
20	100	70	input/entrada2.txt	156
20	100	90	input/entrada2.txt	149
20	150	10	input/entrada2.txt	167
20	150	30	input/entrada2.txt	159
20	150	50	input/entrada2.txt	159
20	150	70	input/entrada2.txt	156
20	150	90	input/entrada2.txt	155
20	200	10	input/entrada2.txt	167
20	200	30	input/entrada2.txt	160
20	200	50	input/entrada2.txt	159
20	200	70	input/entrada2.txt	156
20	200	90	input/entrada2.txt	155
20	250	10	input/entrada2.txt	167
20	250	30	input/entrada2.txt	160
20	250	50	input/entrada2.txt	159
20	250	70	input/entrada2.txt	156
20	250	90	input/entrada2.txt	155
20	300	10	input/entrada2.txt	167
20	300	30	input/entrada2.txt	160
20	300	50	input/entrada2.txt	159
20	300	70	input/entrada2.txt	159
20	300	90	input/entrada2.txt	155
20	350	10	input/entrada2.txt	167
20	350	30	input/entrada2.txt	163
20	350	50	input/entrada2.txt	159
20	350	70	input/entrada2.txt	159
20	400	10	input/entrada2.txt	167
20	350	90	input/entrada2.txt	155
20	400	30	input/entrada2.txt	163
20	400	50	input/entrada2.txt	159
20	400	70	input/entrada2.txt	159
20	400	90	input/entrada2.txt	155
20	450	10	input/entrada2.txt	167
20	450	30	input/entrada2.txt	163
20	450	50	input/entrada2.txt	159
20	450	70	input/entrada2.txt	159
20	450	90	input/entrada2.txt	155
20	500	10	input/entrada2.txt	167
20	500	30	input/entrada2.txt	163
20	500	50	input/entrada2.txt	159
20	500	70	input/entrada2.txt	159
20	500	90	input/entrada2.txt	155
